<?xml version="1.0" encoding="UTF-8"?>
<!-- Generated by org.testng.reporters.JUnitReportReporter -->
<testsuite skipped="0" hostname="Admin-PC" name="testmodule.AppiumTest" tests="2" failures="0" timestamp="30 Mar 2018 07:20:27 GMT" time="0.000" errors="0">
  <testcase name="AppTest" time="0.000" classname="testmodule.AppiumTest"/>
  <testcase name="MobileBrowser" time="0.000" classname="testmodule.AppiumTest"/>
</testsuite> <!-- testmodule.AppiumTest -->
