<?xml version="1.0" encoding="UTF-8"?>
<!-- Generated by org.testng.reporters.JUnitReportReporter -->
<testsuite skipped="0" hostname="Admin-PC" name="testmodule.SeleniumTest" tests="2" failures="0" timestamp="30 Mar 2018 07:20:27 GMT" time="0.016" errors="0">
  <testcase name="BrowserAuto" time="0.000" classname="testmodule.SeleniumTest"/>
  <testcase name="BrowserTest" time="0.016" classname="testmodule.SeleniumTest"/>
</testsuite> <!-- testmodule.SeleniumTest -->
