<?xml version="1.0" encoding="UTF-8"?>
<!-- Generated by org.testng.reporters.JUnitReportReporter -->
<testsuite skipped="0" hostname="Admin-PC" name="testmodule.TableTest1" tests="1" failures="0" timestamp="04 Jun 2018 21:26:43 GMT" time="9.486" errors="0">
  <testcase name="Table" time="9.486" classname="testmodule.TableTest1"/>
</testsuite> <!-- testmodule.TableTest1 -->
