<?xml version="1.0" encoding="UTF-8"?>
<!-- Generated by org.testng.reporters.JUnitReportReporter -->
<testsuite skipped="0" hostname="Admin-PC" name="testmodule.TableTest" tests="1" failures="0" timestamp="08 Aug 2018 17:18:55 GMT" time="16.386" errors="0">
  <testcase name="Table" time="16.386" classname="testmodule.TableTest"/>
</testsuite> <!-- testmodule.TableTest -->
