<?xml version="1.0" encoding="UTF-8"?>
<!-- Generated by org.testng.reporters.JUnitReportReporter -->
<testsuite skipped="0" hostname="Admin-PC" name="testmodule.SeleniumTest" tests="2" failures="0" timestamp="29 Aug 2018 19:05:27 GMT" time="0.001" errors="0">
  <testcase name="BrowserAuto" time="0.001" classname="testmodule.SeleniumTest"/>
  <testcase name="BrowserTest" time="0.000" classname="testmodule.SeleniumTest"/>
</testsuite> <!-- testmodule.SeleniumTest -->
