<?xml version="1.0" encoding="UTF-8"?>
<!-- Generated by org.testng.reporters.JUnitReportReporter -->
<testsuite skipped="0" hostname="Admin-PC" name="testmodule.AppiumTest" tests="2" failures="0" timestamp="29 Aug 2018 18:59:44 GMT" time="0.001" errors="0">
  <testcase name="AppTest" time="0.001" classname="testmodule.AppiumTest"/>
  <testcase name="MobileBrowser" time="0.000" classname="testmodule.AppiumTest"/>
</testsuite> <!-- testmodule.AppiumTest -->
